<?xml version="1.0" encoding="UTF-8"?>
<testng-results skipped="0" failed="0" total="3" passed="3">
  <reporter-output>
  </reporter-output>
  <suite name="Default suite" duration-ms="33115" started-at="2017-02-19T10:27:25Z" finished-at="2017-02-19T10:27:58Z">
    <groups>
    </groups>
    <test name="Default test" duration-ms="33115" started-at="2017-02-19T10:27:25Z" finished-at="2017-02-19T10:27:58Z">
      <class name="sff_practice_21.GoogleSmokeTest">
        <test-method status="PASS" signature="createWebDriver()[pri:0, instance:sff_practice_21.GoogleSmokeTest@d041cf]" name="createWebDriver" is-config="true" duration-ms="7662" started-at="2017-02-19T02:27:25Z" finished-at="2017-02-19T02:27:33Z">
          <reporter-output>
          </reporter-output>
        </test-method> <!-- createWebDriver -->
        <test-method status="PASS" signature="test01(java.lang.String)[pri:0, instance:sff_practice_21.GoogleSmokeTest@d041cf]" name="test01" duration-ms="5593" started-at="2017-02-19T02:27:33Z" data-provider="getTestData" finished-at="2017-02-19T02:27:38Z">
          <params>
            <param index="0">
              <value>
                <![CDATA[green prehnite]]>
              </value>
            </param>
          </params>
          <reporter-output>
          </reporter-output>
        </test-method> <!-- test01 -->
        <test-method status="PASS" signature="releaseWebDriver()[pri:0, instance:sff_practice_21.GoogleSmokeTest@d041cf]" name="releaseWebDriver" is-config="true" duration-ms="2007" started-at="2017-02-19T02:27:38Z" finished-at="2017-02-19T02:27:40Z">
          <reporter-output>
          </reporter-output>
        </test-method> <!-- releaseWebDriver -->
        <test-method status="PASS" signature="createWebDriver()[pri:0, instance:sff_practice_21.GoogleSmokeTest@d041cf]" name="createWebDriver" is-config="true" duration-ms="2258" started-at="2017-02-19T02:27:40Z" finished-at="2017-02-19T02:27:43Z">
          <reporter-output>
          </reporter-output>
        </test-method> <!-- createWebDriver -->
        <test-method status="PASS" signature="test01(java.lang.String)[pri:0, instance:sff_practice_21.GoogleSmokeTest@d041cf]" name="test01" duration-ms="5368" started-at="2017-02-19T02:27:43Z" data-provider="getTestData" finished-at="2017-02-19T02:27:48Z">
          <params>
            <param index="0">
              <value>
                <![CDATA[seattle seahawks]]>
              </value>
            </param>
          </params>
          <reporter-output>
          </reporter-output>
        </test-method> <!-- test01 -->
        <test-method status="PASS" signature="releaseWebDriver()[pri:0, instance:sff_practice_21.GoogleSmokeTest@d041cf]" name="releaseWebDriver" is-config="true" duration-ms="968" started-at="2017-02-19T02:27:48Z" finished-at="2017-02-19T02:27:49Z">
          <reporter-output>
          </reporter-output>
        </test-method> <!-- releaseWebDriver -->
        <test-method status="PASS" signature="createWebDriver()[pri:0, instance:sff_practice_21.GoogleSmokeTest@d041cf]" name="createWebDriver" is-config="true" duration-ms="2782" started-at="2017-02-19T02:27:49Z" finished-at="2017-02-19T02:27:52Z">
          <reporter-output>
          </reporter-output>
        </test-method> <!-- createWebDriver -->
        <test-method status="PASS" signature="test01(java.lang.String)[pri:0, instance:sff_practice_21.GoogleSmokeTest@d041cf]" name="test01" duration-ms="5485" started-at="2017-02-19T02:27:52Z" data-provider="getTestData" finished-at="2017-02-19T02:27:57Z">
          <params>
            <param index="0">
              <value>
                <![CDATA[toronto blue jays]]>
              </value>
            </param>
          </params>
          <reporter-output>
          </reporter-output>
        </test-method> <!-- test01 -->
        <test-method status="PASS" signature="releaseWebDriver()[pri:0, instance:sff_practice_21.GoogleSmokeTest@d041cf]" name="releaseWebDriver" is-config="true" duration-ms="940" started-at="2017-02-19T02:27:57Z" finished-at="2017-02-19T02:27:58Z">
          <reporter-output>
          </reporter-output>
        </test-method> <!-- releaseWebDriver -->
      </class> <!-- sff_practice_21.GoogleSmokeTest -->
    </test> <!-- Default test -->
  </suite> <!-- Default suite -->
</testng-results>
