<?xml version="1.0" encoding="UTF-8"?>
<!-- Generated by org.testng.reporters.JUnitXMLReporter -->
<testsuite hostname="focalpt-AcerPC" name="Default test" tests="3" failures="0" timestamp="13 Jan 2017 09:21:40 GMT" time="34.136" errors="0">
  <testcase name="test" time="6.618" classname="sff_practice14.GoogleSearchTest"/>
  <testcase name="test" time="5.475" classname="sff_practice14.GoogleSearchTest"/>
  <testcase name="test" time="4.618" classname="sff_practice14.GoogleSearchTest"/>
</testsuite> <!-- Default test -->
