<?xml version="1.0" encoding="UTF-8"?>
<!-- Generated by org.testng.reporters.JUnitXMLReporter -->
<testsuite hostname="focalpt-AcerPC" name="Default test" tests="4" failures="0" timestamp="1 Mar 2017 09:06:35 GMT" time="19.513" errors="0">
  <testcase name="test" time="11.907" classname="sff_practice_24.GoogleSmokeTest"/>
  <testcase name="test" time="12.066" classname="sff_practice_24.GoogleSmokeTest"/>
  <testcase name="test" time="11.559" classname="sff_practice_24.GoogleSmokeTest"/>
  <testcase name="test" time="13.108" classname="sff_practice_24.GoogleSmokeTest"/>
</testsuite> <!-- Default test -->
