<?xml version="1.0" encoding="UTF-8"?>
<!-- Generated by org.testng.reporters.JUnitXMLReporter -->
<testsuite hostname="focalpt-AcerPC" name="Default test" tests="6" failures="0" timestamp="1 Dec 2016 01:12:21 GMT" time="22.737" errors="0">
  <testcase name="test" time="6.407" classname="tests.GoogleSearchSniffTest"/>
  <testcase name="test" time="8.679" classname="tests.GoogleSearchSniffTest"/>
  <testcase name="test" time="9.61" classname="tests.GoogleSearchSniffTest"/>
  <testcase name="test" time="10.144" classname="tests.GoogleSearchSniffTest"/>
  <testcase name="test" time="11.942" classname="tests.GoogleSearchSniffTest"/>
  <testcase name="test" time="13.434" classname="tests.GoogleSearchSniffTest"/>
</testsuite> <!-- Default test -->
